nohup: 忽略輸入
/home/aelab-2/EDGE_2026/Kaas/venv/lib/python3.12/site-packages/torchvision/datasets/cifar.py:83: VisibleDeprecationWarning: dtype(): align should be passed as Python or NumPy boolean but got `align=0`. Did you mean to pass a tuple to create a subarray type? (Deprecated NumPy 2.4)
  entry = pickle.load(f, encoding="latin1")

######################################################################
  KaaS-Edge Experiments — IEEE EDGE 2026
  Device: cuda:0
  Quick mode: False
  Time: 2026-02-26 17:27:39
######################################################################

======================================================================
  EXPERIMENT: Main Comparison (KaaS-Edge vs Baselines)
======================================================================

--- Seed 42 ---
[TMC Safe Mode] Split Report:
  Public (Server):  10000 samples (from Train)
  Private (Users):  40000 samples (from Train)
  Test (Evaluation):10000 samples (from Test)

============================================================
  Running: KaaS-Edge (seed=42) (50 rounds)
============================================================
  [KaaS-Edge Pre-training] 10 epochs ...
    Epoch 1/10: loss=4.6612
    Epoch 5/10: loss=3.8113
    Epoch 10/10: loss=3.1712
  [KaaS-Edge Pre-training] Done.
  Round   1/50: Acc=0.2132  Part=0.15  Cost=8.00  [16.2s]
  Round  10/50: Acc=0.4491  Part=0.15  Cost=8.00  [87.5s]
  Round  20/50: Acc=0.4935  Part=0.15  Cost=8.00  [166.7s]
  Round  30/50: Acc=0.4990  Part=0.15  Cost=8.00  [246.0s]
  Round  40/50: Acc=0.5135  Part=0.15  Cost=8.00  [325.5s]
  Round  50/50: Acc=0.5096  Part=0.15  Cost=8.00  [405.2s]

  KaaS-Edge (seed=42) Done: final=0.5096, best=0.5157, time=405.2s

============================================================
  Running: FedMD (seed=42) (50 rounds)
============================================================
  [FullFD Pre-train] 10 epochs ...
  [FullFD Pre-train] Done.
  Round   1/50: Acc=0.2361  Part=1.00  Cost=78845.04  [40.3s]
  Round  10/50: Acc=0.4510  Part=1.00  Cost=78845.04  [335.4s]
  Round  20/50: Acc=0.4999  Part=1.00  Cost=78845.04  [662.0s]
  Round  30/50: Acc=0.5086  Part=1.00  Cost=78845.04  [988.5s]
  Round  40/50: Acc=0.5094  Part=1.00  Cost=78845.04  [1314.8s]
  Round  50/50: Acc=0.5080  Part=1.00  Cost=78845.04  [1640.3s]

  FedMD (seed=42) Done: final=0.5080, best=0.5174, time=1640.3s

============================================================
  Running: FedSKD (seed=42) (50 rounds)
============================================================
  [FedSKD Pre-train] 10 epochs ...
  [FedSKD Pre-train] Done.
  Round   1/50: Acc=0.1902  Part=1.00  Cost=39423.78  [39.9s]
  Round  10/50: Acc=0.4406  Part=1.00  Cost=39423.78  [333.3s]
  Round  20/50: Acc=0.4761  Part=1.00  Cost=39423.78  [659.8s]
  Round  30/50: Acc=0.4877  Part=1.00  Cost=39423.78  [985.5s]
  Round  40/50: Acc=0.4993  Part=1.00  Cost=39423.78  [1311.3s]
  Round  50/50: Acc=0.5057  Part=1.00  Cost=39423.78  [1636.6s]

  FedSKD (seed=42) Done: final=0.5057, best=0.5057, time=1636.6s

============================================================
  Running: FedCS-FD (seed=42) (50 rounds)
============================================================
  [FedCS-FD Pre-train] 10 epochs ...
  [FedCS-FD Pre-train] Done.
  Round   1/50: Acc=0.1778  Part=1.00  Cost=8.00  [40.2s]
  Round  10/50: Acc=0.4461  Part=1.00  Cost=8.00  [333.7s]
  Round  20/50: Acc=0.4979  Part=1.00  Cost=8.00  [659.9s]
  Round  30/50: Acc=0.5063  Part=1.00  Cost=8.00  [986.6s]
  Round  40/50: Acc=0.5111  Part=1.00  Cost=8.00  [1313.9s]
  Round  50/50: Acc=0.5134  Part=1.00  Cost=8.00  [1639.6s]

  FedCS-FD (seed=42) Done: final=0.5134, best=0.5176, time=1639.6s

============================================================
  Running: RandomSelection (seed=42) (50 rounds)
============================================================
  [RandomFD Pre-train] 10 epochs ...
  [RandomFD Pre-train] Done.
  Round   1/50: Acc=0.1686  Part=0.50  Cost=42122.26  [25.8s]
  Round  10/50: Acc=0.4394  Part=0.50  Cost=41495.65  [187.9s]
  Round  20/50: Acc=0.4930  Part=0.50  Cost=23811.22  [366.6s]
  Round  30/50: Acc=0.4914  Part=0.50  Cost=29953.58  [546.7s]
  Round  40/50: Acc=0.5033  Part=0.50  Cost=28006.33  [728.0s]
  Round  50/50: Acc=0.5141  Part=0.50  Cost=36493.48  [908.0s]

  RandomSelection (seed=42) Done: final=0.5141, best=0.5141, time=908.0s

--- Seed 123 ---
[TMC Safe Mode] Split Report:
  Public (Server):  10000 samples (from Train)
  Private (Users):  40000 samples (from Train)
  Test (Evaluation):10000 samples (from Test)

============================================================
  Running: KaaS-Edge (seed=123) (50 rounds)
============================================================
  [KaaS-Edge Pre-training] 10 epochs ...
    Epoch 1/10: loss=4.6752
    Epoch 5/10: loss=3.8564
    Epoch 10/10: loss=3.2087
  [KaaS-Edge Pre-training] Done.
  Round   1/50: Acc=0.2084  Part=0.20  Cost=8.00  [17.4s]
  Round  10/50: Acc=0.4332  Part=0.20  Cost=8.00  [100.7s]
  Round  20/50: Acc=0.4865  Part=0.20  Cost=8.00  [193.2s]
  Round  30/50: Acc=0.5004  Part=0.20  Cost=8.00  [285.8s]
  Round  40/50: Acc=0.5009  Part=0.20  Cost=8.00  [378.7s]
  Round  50/50: Acc=0.5067  Part=0.20  Cost=8.00  [471.3s]

  KaaS-Edge (seed=123) Done: final=0.5067, best=0.5120, time=471.3s

============================================================
  Running: FedMD (seed=123) (50 rounds)
============================================================
  [FullFD Pre-train] 10 epochs ...
  [FullFD Pre-train] Done.
  Round   1/50: Acc=0.1704  Part=1.00  Cost=90018.76  [40.5s]
  Round  10/50: Acc=0.4271  Part=1.00  Cost=90018.76  [334.0s]
  Round  20/50: Acc=0.4860  Part=1.00  Cost=90018.76  [660.6s]
  Round  30/50: Acc=0.5028  Part=1.00  Cost=90018.76  [987.7s]
  Round  40/50: Acc=0.5105  Part=1.00  Cost=90018.76  [1314.9s]
  Round  50/50: Acc=0.5171  Part=1.00  Cost=90018.76  [1641.9s]

  FedMD (seed=123) Done: final=0.5171, best=0.5182, time=1641.9s

============================================================
  Running: FedSKD (seed=123) (50 rounds)
============================================================
  [FedSKD Pre-train] 10 epochs ...
  [FedSKD Pre-train] Done.
  Round   1/50: Acc=0.1800  Part=1.00  Cost=45010.66  [40.4s]
  Round  10/50: Acc=0.4221  Part=1.00  Cost=45010.66  [334.5s]
  Round  20/50: Acc=0.4751  Part=1.00  Cost=45010.66  [660.5s]
  Round  30/50: Acc=0.4886  Part=1.00  Cost=45010.66  [988.0s]
  Round  40/50: Acc=0.4875  Part=1.00  Cost=45010.66  [1314.9s]
  Round  50/50: Acc=0.4969  Part=1.00  Cost=45010.66  [1641.6s]

  FedSKD (seed=123) Done: final=0.4969, best=0.5010, time=1641.6s

============================================================
  Running: FedCS-FD (seed=123) (50 rounds)
============================================================
  [FedCS-FD Pre-train] 10 epochs ...
  [FedCS-FD Pre-train] Done.
  Round   1/50: Acc=0.1798  Part=1.00  Cost=8.00  [40.5s]
  Round  10/50: Acc=0.4154  Part=1.00  Cost=8.00  [335.8s]
  Round  20/50: Acc=0.4779  Part=1.00  Cost=8.00  [663.6s]
  Round  30/50: Acc=0.4821  Part=1.00  Cost=8.00  [991.4s]
  Round  40/50: Acc=0.4868  Part=1.00  Cost=8.00  [1318.9s]
  Round  50/50: Acc=0.4919  Part=1.00  Cost=8.00  [1646.7s]

  FedCS-FD (seed=123) Done: final=0.4919, best=0.4935, time=1646.7s

============================================================
  Running: RandomSelection (seed=123) (50 rounds)
============================================================
  [RandomFD Pre-train] 10 epochs ...
  [RandomFD Pre-train] Done.
  Round   1/50: Acc=0.2114  Part=0.50  Cost=37730.81  [25.4s]
  Round  10/50: Acc=0.4303  Part=0.50  Cost=31517.63  [189.5s]
  Round  20/50: Acc=0.4920  Part=0.50  Cost=55968.07  [370.9s]
  Round  30/50: Acc=0.5067  Part=0.50  Cost=41792.24  [550.3s]
  Round  40/50: Acc=0.5103  Part=0.50  Cost=45006.62  [729.3s]
  Round  50/50: Acc=0.5047  Part=0.50  Cost=50051.29  [910.9s]

  RandomSelection (seed=123) Done: final=0.5047, best=0.5158, time=910.9s

--- Seed 456 ---
[TMC Safe Mode] Split Report:
  Public (Server):  10000 samples (from Train)
  Private (Users):  40000 samples (from Train)
  Test (Evaluation):10000 samples (from Test)

============================================================
  Running: KaaS-Edge (seed=456) (50 rounds)
============================================================
  [KaaS-Edge Pre-training] 10 epochs ...
    Epoch 1/10: loss=4.7483
    Epoch 5/10: loss=3.8727
    Epoch 10/10: loss=3.2547
  [KaaS-Edge Pre-training] Done.
  Round   1/50: Acc=0.1971  Part=0.15  Cost=8.00  [15.8s]
  Round  10/50: Acc=0.4418  Part=0.15  Cost=8.00  [83.3s]
  Round  20/50: Acc=0.5003  Part=0.15  Cost=8.00  [158.5s]
  Round  30/50: Acc=0.5097  Part=0.15  Cost=8.00  [233.5s]
  Round  40/50: Acc=0.5078  Part=0.15  Cost=8.00  [308.6s]
  Round  50/50: Acc=0.5141  Part=0.15  Cost=8.00  [383.7s]

  KaaS-Edge (seed=456) Done: final=0.5141, best=0.5165, time=383.7s

============================================================
  Running: FedMD (seed=456) (50 rounds)
============================================================
  [FullFD Pre-train] 10 epochs ...
  [FullFD Pre-train] Done.
  Round   1/50: Acc=0.1959  Part=1.00  Cost=75042.23  [40.3s]
  Round  10/50: Acc=0.4034  Part=1.00  Cost=75042.23  [334.6s]
  Round  20/50: Acc=0.4731  Part=1.00  Cost=75042.23  [662.0s]
  Round  30/50: Acc=0.4960  Part=1.00  Cost=75042.23  [988.8s]
  Round  40/50: Acc=0.5062  Part=1.00  Cost=75042.23  [1316.1s]
  Round  50/50: Acc=0.5060  Part=1.00  Cost=75042.23  [1643.0s]

  FedMD (seed=456) Done: final=0.5060, best=0.5062, time=1643.0s

============================================================
  Running: FedSKD (seed=456) (50 rounds)
============================================================
  [FedSKD Pre-train] 10 epochs ...
  [FedSKD Pre-train] Done.
  Round   1/50: Acc=0.2061  Part=1.00  Cost=37522.44  [40.4s]
  Round  10/50: Acc=0.4424  Part=1.00  Cost=37522.44  [334.5s]
  Round  20/50: Acc=0.5016  Part=1.00  Cost=37522.44  [661.4s]
  Round  30/50: Acc=0.5077  Part=1.00  Cost=37522.44  [988.6s]
  Round  40/50: Acc=0.5089  Part=1.00  Cost=37522.44  [1314.8s]
  Round  50/50: Acc=0.5227  Part=1.00  Cost=37522.44  [1642.2s]

  FedSKD (seed=456) Done: final=0.5227, best=0.5227, time=1642.2s

============================================================
  Running: FedCS-FD (seed=456) (50 rounds)
============================================================
  [FedCS-FD Pre-train] 10 epochs ...
  [FedCS-FD Pre-train] Done.
  Round   1/50: Acc=0.2152  Part=1.00  Cost=8.00  [40.5s]
  Round  10/50: Acc=0.4430  Part=1.00  Cost=8.00  [335.5s]
  Round  20/50: Acc=0.4944  Part=1.00  Cost=8.00  [660.8s]
  Round  30/50: Acc=0.5072  Part=1.00  Cost=8.00  [987.9s]
  Round  40/50: Acc=0.5169  Part=1.00  Cost=8.00  [1314.9s]
  Round  50/50: Acc=0.5171  Part=1.00  Cost=8.00  [1642.4s]

  FedCS-FD (seed=456) Done: final=0.5171, best=0.5194, time=1642.4s

============================================================
  Running: RandomSelection (seed=456) (50 rounds)
============================================================
  [RandomFD Pre-train] 10 epochs ...
  [RandomFD Pre-train] Done.
  Round   1/50: Acc=0.2095  Part=0.50  Cost=44933.81  [26.5s]
  Round  10/50: Acc=0.4317  Part=0.50  Cost=30894.08  [190.1s]
  Round  20/50: Acc=0.4734  Part=0.50  Cost=47476.22  [369.7s]
  Round  30/50: Acc=0.4953  Part=0.50  Cost=52354.08  [547.3s]
  Round  40/50: Acc=0.4923  Part=0.50  Cost=46712.48  [726.9s]
  Round  50/50: Acc=0.5044  Part=0.50  Cost=45195.10  [905.8s]

  RandomSelection (seed=456) Done: final=0.5044, best=0.5099, time=905.8s
  Saved: /home/aelab-2/EDGE_2026/Kaas/results/edge/main_comparison.json

======================================================================
  EXPERIMENT: Budget Sensitivity
======================================================================
[TMC Safe Mode] Split Report:
  Public (Server):  10000 samples (from Train)
  Private (Users):  40000 samples (from Train)
  Test (Evaluation):10000 samples (from Test)

============================================================
  Running: KaaS-Edge (B=2) (50 rounds)
============================================================
  [KaaS-Edge Pre-training] 10 epochs ...
    Epoch 1/10: loss=4.6587
    Epoch 5/10: loss=3.8328
    Epoch 10/10: loss=3.1845
  [KaaS-Edge Pre-training] Done.
  Round   1/50: Acc=0.2249  Part=0.10  Cost=2.00  [14.7s]
  Round  10/50: Acc=0.4398  Part=0.10  Cost=2.00  [73.4s]
  Round  20/50: Acc=0.4926  Part=0.10  Cost=2.00  [138.6s]
  Round  30/50: Acc=0.5047  Part=0.10  Cost=2.00  [203.7s]
  Round  40/50: Acc=0.5040  Part=0.10  Cost=2.00  [268.9s]
  Round  50/50: Acc=0.5099  Part=0.10  Cost=2.00  [334.1s]

  KaaS-Edge (B=2) Done: final=0.5099, best=0.5133, time=334.1s

============================================================
  Running: KaaS-Edge (B=4) (50 rounds)
============================================================
  [KaaS-Edge Pre-training] 10 epochs ...
    Epoch 1/10: loss=4.6953
    Epoch 5/10: loss=3.9189
    Epoch 10/10: loss=3.2709
  [KaaS-Edge Pre-training] Done.
  Round   1/50: Acc=0.1806  Part=0.10  Cost=4.00  [15.2s]
  Round  10/50: Acc=0.4559  Part=0.10  Cost=4.00  [73.8s]
  Round  20/50: Acc=0.4841  Part=0.10  Cost=4.00  [139.3s]
  Round  30/50: Acc=0.4904  Part=0.10  Cost=4.00  [204.4s]
  Round  40/50: Acc=0.4968  Part=0.10  Cost=4.00  [269.6s]
  Round  50/50: Acc=0.5023  Part=0.10  Cost=4.00  [334.8s]

  KaaS-Edge (B=4) Done: final=0.5023, best=0.5059, time=334.8s

============================================================
  Running: KaaS-Edge (B=6) (50 rounds)
============================================================
  [KaaS-Edge Pre-training] 10 epochs ...
    Epoch 1/10: loss=4.7856
    Epoch 5/10: loss=3.9535
    Epoch 10/10: loss=3.3034
  [KaaS-Edge Pre-training] Done.
  Round   1/50: Acc=0.1972  Part=0.15  Cost=6.00  [16.6s]
  Round  10/50: Acc=0.4534  Part=0.15  Cost=6.00  [88.6s]
  Round  20/50: Acc=0.4957  Part=0.15  Cost=6.00  [168.6s]
  Round  30/50: Acc=0.5118  Part=0.15  Cost=6.00  [248.5s]
  Round  40/50: Acc=0.5184  Part=0.15  Cost=6.00  [328.3s]
  Round  50/50: Acc=0.5167  Part=0.15  Cost=6.00  [408.3s]

  KaaS-Edge (B=6) Done: final=0.5167, best=0.5272, time=408.3s

============================================================
  Running: KaaS-Edge (B=8) (50 rounds)
============================================================
  [KaaS-Edge Pre-training] 10 epochs ...
    Epoch 1/10: loss=4.7589
    Epoch 5/10: loss=3.9311
    Epoch 10/10: loss=3.3851
  [KaaS-Edge Pre-training] Done.
  Round   1/50: Acc=0.1724  Part=0.15  Cost=8.00  [16.3s]
  Round  10/50: Acc=0.4392  Part=0.15  Cost=8.00  [88.3s]
  Round  20/50: Acc=0.4920  Part=0.15  Cost=8.00  [168.3s]
  Round  30/50: Acc=0.4958  Part=0.15  Cost=8.00  [248.3s]
  Round  40/50: Acc=0.5002  Part=0.15  Cost=8.00  [328.1s]
  Round  50/50: Acc=0.5072  Part=0.15  Cost=8.00  [408.0s]

  KaaS-Edge (B=8) Done: final=0.5072, best=0.5106, time=408.0s

============================================================
  Running: KaaS-Edge (B=10) (50 rounds)
============================================================
  [KaaS-Edge Pre-training] 10 epochs ...
    Epoch 1/10: loss=4.6632
    Epoch 5/10: loss=3.8373
    Epoch 10/10: loss=3.1711
  [KaaS-Edge Pre-training] Done.
  Round   1/50: Acc=0.2161  Part=0.20  Cost=10.00  [17.7s]
  Round  10/50: Acc=0.4374  Part=0.20  Cost=10.00  [102.6s]
  Round  20/50: Acc=0.4875  Part=0.20  Cost=10.00  [197.0s]
  Round  30/50: Acc=0.4817  Part=0.20  Cost=10.00  [291.2s]
  Round  40/50: Acc=0.4962  Part=0.20  Cost=10.00  [385.4s]
  Round  50/50: Acc=0.4989  Part=0.20  Cost=10.00  [479.7s]

  KaaS-Edge (B=10) Done: final=0.4989, best=0.4989, time=479.7s

============================================================
  Running: KaaS-Edge (B=15) (50 rounds)
============================================================
  [KaaS-Edge Pre-training] 10 epochs ...
    Epoch 1/10: loss=4.7658
    Epoch 5/10: loss=3.9010
    Epoch 10/10: loss=3.3090
  [KaaS-Edge Pre-training] Done.
  Round   1/50: Acc=0.2026  Part=0.25  Cost=15.00  [19.3s]
  Round  10/50: Acc=0.4459  Part=0.25  Cost=15.00  [119.0s]
  Round  20/50: Acc=0.4895  Part=0.25  Cost=15.00  [229.9s]
  Round  30/50: Acc=0.4996  Part=0.25  Cost=15.00  [340.4s]
  Round  40/50: Acc=0.5041  Part=0.25  Cost=15.00  [451.0s]
  Round  50/50: Acc=0.5112  Part=0.25  Cost=15.00  [561.7s]

  KaaS-Edge (B=15) Done: final=0.5112, best=0.5132, time=561.7s

============================================================
  Running: KaaS-Edge (B=20) (50 rounds)
============================================================
  [KaaS-Edge Pre-training] 10 epochs ...
    Epoch 1/10: loss=4.7406
    Epoch 5/10: loss=3.8192
    Epoch 10/10: loss=3.1855
  [KaaS-Edge Pre-training] Done.
  Round   1/50: Acc=0.2056  Part=0.30  Cost=20.00  [20.7s]
  Round  10/50: Acc=0.4420  Part=0.30  Cost=20.00  [132.8s]
  Round  20/50: Acc=0.4856  Part=0.30  Cost=20.00  [257.4s]
  Round  30/50: Acc=0.4974  Part=0.30  Cost=20.00  [382.0s]
  Round  40/50: Acc=0.5048  Part=0.30  Cost=20.00  [506.3s]
  Round  50/50: Acc=0.5062  Part=0.30  Cost=20.00  [630.6s]

  KaaS-Edge (B=20) Done: final=0.5062, best=0.5131, time=630.6s
  Saved: /home/aelab-2/EDGE_2026/Kaas/results/edge/budget_sensitivity.json

======================================================================
  EXPERIMENT: Device Scalability
======================================================================
[TMC Safe Mode] Split Report:
  Public (Server):  10000 samples (from Train)
  Private (Users):  40000 samples (from Train)
  Test (Evaluation):10000 samples (from Test)

============================================================
  Running: KaaS-Edge (M=5, B=4.0) (50 rounds)
============================================================
  [KaaS-Edge Pre-training] 10 epochs ...
    Epoch 1/10: loss=4.6444
    Epoch 5/10: loss=3.8092
    Epoch 10/10: loss=3.1018
  [KaaS-Edge Pre-training] Done.
  Round   1/50: Acc=0.2456  Part=0.40  Cost=4.00  [21.9s]
  Round  10/50: Acc=0.4591  Part=0.40  Cost=4.00  [144.2s]
  Round  20/50: Acc=0.5025  Part=0.40  Cost=4.00  [279.8s]
  Round  30/50: Acc=0.5004  Part=0.40  Cost=4.00  [415.1s]
  Round  40/50: Acc=0.5170  Part=0.40  Cost=4.00  [550.4s]
  Round  50/50: Acc=0.5194  Part=0.40  Cost=4.00  [685.6s]

  KaaS-Edge (M=5, B=4.0) Done: final=0.5194, best=0.5217, time=685.6s

============================================================
  Running: KaaS-Edge (M=10, B=6.0) (50 rounds)
============================================================
  [KaaS-Edge Pre-training] 10 epochs ...
    Epoch 1/10: loss=4.7800
    Epoch 5/10: loss=3.9414
    Epoch 10/10: loss=3.4243
  [KaaS-Edge Pre-training] Done.
  Round   1/50: Acc=0.1739  Part=0.30  Cost=6.00  [19.6s]
  Round  10/50: Acc=0.4288  Part=0.30  Cost=6.00  [122.1s]
  Round  20/50: Acc=0.4916  Part=0.30  Cost=6.00  [236.0s]
  Round  30/50: Acc=0.5136  Part=0.30  Cost=6.00  [350.0s]
  Round  40/50: Acc=0.5100  Part=0.30  Cost=6.00  [464.0s]
  Round  50/50: Acc=0.5144  Part=0.30  Cost=6.00  [577.9s]

  KaaS-Edge (M=10, B=6.0) Done: final=0.5144, best=0.5242, time=577.9s

============================================================
  Running: KaaS-Edge (M=20, B=10.0) (50 rounds)
============================================================
  [KaaS-Edge Pre-training] 10 epochs ...
    Epoch 1/10: loss=4.7977
    Epoch 5/10: loss=3.8747
    Epoch 10/10: loss=3.2792
  [KaaS-Edge Pre-training] Done.
  Round   1/50: Acc=0.2017  Part=0.20  Cost=10.00  [17.7s]
  Round  10/50: Acc=0.4288  Part=0.20  Cost=10.00  [102.5s]
  Round  20/50: Acc=0.4812  Part=0.20  Cost=10.00  [196.8s]
  Round  30/50: Acc=0.4932  Part=0.20  Cost=10.00  [291.1s]
  Round  40/50: Acc=0.4992  Part=0.20  Cost=10.00  [385.2s]
  Round  50/50: Acc=0.4941  Part=0.20  Cost=10.00  [479.4s]

  KaaS-Edge (M=20, B=10.0) Done: final=0.4941, best=0.4992, time=479.4s

============================================================
  Running: KaaS-Edge (M=30, B=14.0) (50 rounds)
============================================================
  [KaaS-Edge Pre-training] 10 epochs ...
    Epoch 1/10: loss=4.7359
    Epoch 5/10: loss=3.9328
    Epoch 10/10: loss=3.3766
  [KaaS-Edge Pre-training] Done.
  Round   1/50: Acc=0.1904  Part=0.23  Cost=14.00  [19.2s]
  Round  10/50: Acc=0.4217  Part=0.23  Cost=14.00  [116.9s]
  Round  20/50: Acc=0.4730  Part=0.23  Cost=14.00  [225.7s]
  Round  30/50: Acc=0.4930  Part=0.23  Cost=14.00  [334.6s]
  Round  40/50: Acc=0.4922  Part=0.23  Cost=14.00  [443.6s]
  Round  50/50: Acc=0.4898  Part=0.23  Cost=14.00  [552.4s]

  KaaS-Edge (M=30, B=14.0) Done: final=0.4898, best=0.4988, time=552.4s

============================================================
  Running: KaaS-Edge (M=50, B=22.0) (50 rounds)
============================================================
  [KaaS-Edge Pre-training] 10 epochs ...
    Epoch 1/10: loss=4.7774
    Epoch 5/10: loss=3.9220
    Epoch 10/10: loss=3.3536
  [KaaS-Edge Pre-training] Done.
  Round   1/50: Acc=0.1746  Part=0.18  Cost=22.00  [18.0s]
  Round  10/50: Acc=0.4404  Part=0.18  Cost=22.00  [105.8s]
  Round  20/50: Acc=0.4812  Part=0.18  Cost=22.00  [203.4s]
  Round  30/50: Acc=0.5006  Part=0.18  Cost=22.00  [301.0s]
  Round  40/50: Acc=0.4963  Part=0.18  Cost=22.00  [398.6s]
  Round  50/50: Acc=0.5025  Part=0.18  Cost=22.00  [496.3s]

  KaaS-Edge (M=50, B=22.0) Done: final=0.5025, best=0.5061, time=496.3s
  Saved: /home/aelab-2/EDGE_2026/Kaas/results/edge/device_scalability.json

======================================================================
  EXPERIMENT: Privacy Impact
======================================================================
[TMC Safe Mode] Split Report:
  Public (Server):  10000 samples (from Train)
  Private (Users):  40000 samples (from Train)
  Test (Evaluation):10000 samples (from Test)

============================================================
  Running: KaaS-Edge (no_privacy, avg_rho=1.00) (50 rounds)
============================================================
  [KaaS-Edge Pre-training] 10 epochs ...
    Epoch 1/10: loss=4.6451
    Epoch 5/10: loss=3.8125
    Epoch 10/10: loss=3.1669
  [KaaS-Edge Pre-training] Done.
  Round   1/50: Acc=0.2070  Part=0.25  Cost=8.00  [18.9s]
  Round  10/50: Acc=0.4481  Part=0.25  Cost=8.00  [114.6s]
  Round  20/50: Acc=0.4939  Part=0.25  Cost=8.00  [220.8s]
  Round  30/50: Acc=0.5016  Part=0.25  Cost=8.00  [327.2s]
  Round  40/50: Acc=0.5105  Part=0.25  Cost=8.00  [433.6s]
  Round  50/50: Acc=0.5052  Part=0.25  Cost=8.00  [540.0s]

  KaaS-Edge (no_privacy, avg_rho=1.00) Done: final=0.5052, best=0.5122, time=540.0s

============================================================
  Running: KaaS-Edge (mild_privacy, avg_rho=0.84) (50 rounds)
============================================================
  [KaaS-Edge Pre-training] 10 epochs ...
    Epoch 1/10: loss=4.7209
    Epoch 5/10: loss=3.8787
    Epoch 10/10: loss=3.3249
  [KaaS-Edge Pre-training] Done.
  Round   1/50: Acc=0.1809  Part=0.25  Cost=8.00  [19.0s]
  Round  10/50: Acc=0.4302  Part=0.25  Cost=8.00  [115.5s]
  Round  20/50: Acc=0.4823  Part=0.25  Cost=8.00  [222.9s]
  Round  30/50: Acc=0.4964  Part=0.25  Cost=8.00  [330.4s]
  Round  40/50: Acc=0.5023  Part=0.25  Cost=8.00  [437.9s]
  Round  50/50: Acc=0.5069  Part=0.25  Cost=8.00  [545.4s]

  KaaS-Edge (mild_privacy, avg_rho=0.84) Done: final=0.5069, best=0.5069, time=545.4s

============================================================
  Running: KaaS-Edge (mixed_privacy, avg_rho=0.57) (50 rounds)
============================================================
  [KaaS-Edge Pre-training] 10 epochs ...
    Epoch 1/10: loss=4.7300
    Epoch 5/10: loss=3.9072
    Epoch 10/10: loss=3.3686
  [KaaS-Edge Pre-training] Done.
  Round   1/50: Acc=0.1867  Part=0.25  Cost=8.00  [19.5s]
  Round  10/50: Acc=0.4380  Part=0.25  Cost=8.00  [120.9s]
  Round  20/50: Acc=0.4897  Part=0.25  Cost=8.00  [233.5s]
  Round  30/50: Acc=0.4987  Part=0.25  Cost=8.00  [346.2s]
  Round  40/50: Acc=0.5087  Part=0.25  Cost=8.00  [458.9s]
  Round  50/50: Acc=0.5053  Part=0.25  Cost=8.00  [571.5s]

  KaaS-Edge (mixed_privacy, avg_rho=0.57) Done: final=0.5053, best=0.5164, time=571.5s

============================================================
  Running: KaaS-Edge (strong_privacy, avg_rho=0.16) (50 rounds)
============================================================
  [KaaS-Edge Pre-training] 10 epochs ...
    Epoch 1/10: loss=4.6730
    Epoch 5/10: loss=3.8662
    Epoch 10/10: loss=3.2719
  [KaaS-Edge Pre-training] Done.
  Round   1/50: Acc=0.1840  Part=0.15  Cost=8.00  [15.9s]
  Round  10/50: Acc=0.4518  Part=0.15  Cost=8.00  [84.7s]
  Round  20/50: Acc=0.5029  Part=0.15  Cost=8.00  [161.0s]
  Round  30/50: Acc=0.5097  Part=0.15  Cost=8.00  [237.3s]
  Round  40/50: Acc=0.5136  Part=0.15  Cost=8.00  [313.5s]
  Round  50/50: Acc=0.5151  Part=0.15  Cost=8.00  [390.0s]

  KaaS-Edge (strong_privacy, avg_rho=0.16) Done: final=0.5151, best=0.5225, time=390.0s
  Saved: /home/aelab-2/EDGE_2026/Kaas/results/edge/privacy_impact.json
